<?xml version="1.0" encoding="UTF-8"?>
<robot generator="Robot 4.1.3 (Python 3.10.1 on win32)" generated="20220111 21:15:18.597" rpa="false" schemaversion="2">
<suite id="s1" name="Tests" source="C:\Repositórios GIT\nBank-robotframework\nBank-robot\tests">
<suite id="s1-s1" name="Realizar Pix" source="C:\Repositórios GIT\nBank-robotframework\nBank-robot\tests\realizar_pix.robot">
<test id="s1-s1-t1" name="Nbank deve estar online">
<kw name="Start Session" library="base" type="SETUP">
<kw name="New Browser" library="Browser">
<arg>chromium</arg>
<arg>headless=False</arg>
<arg>slowMo=00:00:01</arg>
<tag>BrowserControl</tag>
<tag>Setter</tag>
<doc>Create a new playwright Browser with specified options.</doc>
<msg timestamp="20220111 21:15:19.379" level="INFO">{"browser": "chromium", "headless": false, "handleSIGINT": true, "handleSIGTERM": true, "handleSIGHUP": true, "timeout": 30000.0, "devtools": false, "slowMo": 1000.0, "tracesDir": "C:\\Reposit\u00f3rios GIT\\nBank-robotframework\\nBank-robot\\logs\\browser\\traces\\5524081e-cad8-40b1-88f6-f6f82e77aecc"}</msg>
<msg timestamp="20220111 21:15:19.617" level="INFO">Successfully created browser with options: {"browser":"chromium","headless":false,"handleSIGINT":true,"handleSIGTERM":true,"handleSIGHUP":true,"timeout":30000,"devtools":false,"slowMo":1000,"tracesDir":"C:\\Repositórios GIT\\nBank-robotframework\\nBank-robot\\logs\\browser\\traces\\5524081e-cad8-40b1-88f6-f6f82e77aecc"}</msg>
<status status="PASS" starttime="20220111 21:15:19.377" endtime="20220111 21:15:19.617"/>
</kw>
<kw name="New Page" library="Browser">
<arg>${BASE_URL}</arg>
<tag>BrowserControl</tag>
<tag>Setter</tag>
<doc>Open a new Page.</doc>
<msg timestamp="20220111 21:15:21.498" level="INFO">Successfully initialized new page object and opened url: https://nbank.vercel.app/</msg>
<msg timestamp="20220111 21:15:21.498" level="INFO">No context was open. New context was automatically opened when this page is created.</msg>
<status status="PASS" starttime="20220111 21:15:19.617" endtime="20220111 21:15:21.498"/>
</kw>
<status status="PASS" starttime="20220111 21:15:19.377" endtime="20220111 21:15:21.498"/>
</kw>
<kw name="Get Title" library="Browser">
<arg>equal</arg>
<arg>nBank by QAninja</arg>
<tag>Assertion</tag>
<tag>Getter</tag>
<tag>PageContent</tag>
<doc>Returns the title of the current page.</doc>
<status status="PASS" starttime="20220111 21:15:21.498" endtime="20220111 21:15:21.508"/>
</kw>
<kw name="End Session" library="base" type="TEARDOWN">
<kw name="Take Screenshot" library="Browser">
<tag>PageContent</tag>
<doc>Takes a screenshot of the current window or element and saves it to disk.</doc>
<msg timestamp="20220111 21:15:21.599" level="INFO" html="true">&lt;/td&gt;&lt;/tr&gt;&lt;tr&gt;&lt;td colspan="3"&gt;&lt;a href="browser/screenshot/robotframework-browser-screenshot-1.png"&gt;&lt;img src="browser/screenshot/robotframework-browser-screenshot-1.png" width="800px"&gt;&lt;/a&gt;</msg>
<status status="PASS" starttime="20220111 21:15:21.509" endtime="20220111 21:15:21.599"/>
</kw>
<status status="PASS" starttime="20220111 21:15:21.509" endtime="20220111 21:15:21.599"/>
</kw>
<status status="PASS" starttime="20220111 21:15:19.370" endtime="20220111 21:15:21.599"/>
</test>
<test id="s1-s1-t2" name="Deve verificar saldo">
<kw name="Start Session" library="base" type="SETUP">
<kw name="New Browser" library="Browser">
<arg>chromium</arg>
<arg>headless=False</arg>
<arg>slowMo=00:00:01</arg>
<tag>BrowserControl</tag>
<tag>Setter</tag>
<doc>Create a new playwright Browser with specified options.</doc>
<msg timestamp="20220111 21:15:21.669" level="INFO">{"browser": "chromium", "headless": false, "handleSIGINT": true, "handleSIGTERM": true, "handleSIGHUP": true, "timeout": 30000.0, "devtools": false, "slowMo": 1000.0, "tracesDir": "C:\\Reposit\u00f3rios GIT\\nBank-robotframework\\nBank-robot\\logs\\browser\\traces\\7f2708b6-9387-481f-b521-9ac68248a958"}</msg>
<msg timestamp="20220111 21:15:21.997" level="INFO">Successfully created browser with options: {"browser":"chromium","headless":false,"handleSIGINT":true,"handleSIGTERM":true,"handleSIGHUP":true,"timeout":30000,"devtools":false,"slowMo":1000,"tracesDir":"C:\\Repositórios GIT\\nBank-robotframework\\nBank-robot\\logs\\browser\\traces\\7f2708b6-9387-481f-b521-9ac68248a958"}</msg>
<status status="PASS" starttime="20220111 21:15:21.668" endtime="20220111 21:15:21.997"/>
</kw>
<kw name="New Page" library="Browser">
<arg>${BASE_URL}</arg>
<tag>BrowserControl</tag>
<tag>Setter</tag>
<doc>Open a new Page.</doc>
<msg timestamp="20220111 21:15:23.808" level="INFO">Successfully initialized new page object and opened url: https://nbank.vercel.app/</msg>
<msg timestamp="20220111 21:15:23.808" level="INFO">No context was open. New context was automatically opened when this page is created.</msg>
<status status="PASS" starttime="20220111 21:15:21.997" endtime="20220111 21:15:23.808"/>
</kw>
<status status="PASS" starttime="20220111 21:15:21.668" endtime="20220111 21:15:23.808"/>
</kw>
<kw name="Wait For Elements State" library="Browser">
<arg>css=.navbar-item &gt;&gt; text=Olá Papito, seu saldo é R$ 1000</arg>
<arg>visible</arg>
<arg>5</arg>
<tag>PageContent</tag>
<tag>Wait</tag>
<doc>Waits for the element found by ``selector`` to satisfy state option.</doc>
<msg timestamp="20220111 21:15:23.836" level="INFO">Waited for Element with selector css=.navbar-item &gt;&gt; text=Olá Papito, seu saldo é R$ 1000 at state visible</msg>
<status status="PASS" starttime="20220111 21:15:23.808" endtime="20220111 21:15:23.836"/>
</kw>
<kw name="End Session" library="base" type="TEARDOWN">
<kw name="Take Screenshot" library="Browser">
<tag>PageContent</tag>
<doc>Takes a screenshot of the current window or element and saves it to disk.</doc>
<msg timestamp="20220111 21:15:23.928" level="INFO" html="true">&lt;/td&gt;&lt;/tr&gt;&lt;tr&gt;&lt;td colspan="3"&gt;&lt;a href="browser/screenshot/robotframework-browser-screenshot-2.png"&gt;&lt;img src="browser/screenshot/robotframework-browser-screenshot-2.png" width="800px"&gt;&lt;/a&gt;</msg>
<status status="PASS" starttime="20220111 21:15:23.837" endtime="20220111 21:15:23.928"/>
</kw>
<status status="PASS" starttime="20220111 21:15:23.836" endtime="20220111 21:15:23.928"/>
</kw>
<status status="PASS" starttime="20220111 21:15:21.663" endtime="20220111 21:15:23.928"/>
</test>
<test id="s1-s1-t3" name="Fazer PIX">
<kw name="Start Session" library="base" type="SETUP">
<kw name="New Browser" library="Browser">
<arg>chromium</arg>
<arg>headless=False</arg>
<arg>slowMo=00:00:01</arg>
<tag>BrowserControl</tag>
<tag>Setter</tag>
<doc>Create a new playwright Browser with specified options.</doc>
<msg timestamp="20220111 21:15:24.000" level="INFO">{"browser": "chromium", "headless": false, "handleSIGINT": true, "handleSIGTERM": true, "handleSIGHUP": true, "timeout": 30000.0, "devtools": false, "slowMo": 1000.0, "tracesDir": "C:\\Reposit\u00f3rios GIT\\nBank-robotframework\\nBank-robot\\logs\\browser\\traces\\67a8bf84-7f6f-43ba-914c-25c9488a4327"}</msg>
<msg timestamp="20220111 21:15:24.322" level="INFO">Successfully created browser with options: {"browser":"chromium","headless":false,"handleSIGINT":true,"handleSIGTERM":true,"handleSIGHUP":true,"timeout":30000,"devtools":false,"slowMo":1000,"tracesDir":"C:\\Repositórios GIT\\nBank-robotframework\\nBank-robot\\logs\\browser\\traces\\67a8bf84-7f6f-43ba-914c-25c9488a4327"}</msg>
<status status="PASS" starttime="20220111 21:15:23.999" endtime="20220111 21:15:24.327"/>
</kw>
<kw name="New Page" library="Browser">
<arg>${BASE_URL}</arg>
<tag>BrowserControl</tag>
<tag>Setter</tag>
<doc>Open a new Page.</doc>
<msg timestamp="20220111 21:15:26.549" level="INFO">Successfully initialized new page object and opened url: https://nbank.vercel.app/</msg>
<msg timestamp="20220111 21:15:26.549" level="INFO">No context was open. New context was automatically opened when this page is created.</msg>
<status status="PASS" starttime="20220111 21:15:24.327" endtime="20220111 21:15:26.549"/>
</kw>
<status status="PASS" starttime="20220111 21:15:23.998" endtime="20220111 21:15:26.549"/>
</kw>
<kw name="Factory Pix" library="dados">
<var>${pix}</var>
<msg timestamp="20220111 21:15:26.549" level="INFO">${pix} = {'banco': 'Next', 'chave-pix': '123456', 'valor': '100'}</msg>
<status status="PASS" starttime="20220111 21:15:26.549" endtime="20220111 21:15:26.549"/>
</kw>
<kw name="Go To Form" library="actions">
<kw name="Click" library="Browser">
<arg>text=Fazer Pix</arg>
<tag>PageContent</tag>
<tag>Setter</tag>
<doc>Simulates mouse click on the element found by ``selector``.</doc>
<status status="PASS" starttime="20220111 21:15:26.551" endtime="20220111 21:15:27.632"/>
</kw>
<kw name="Wait For Elements State" library="Browser">
<arg>css=.modal-card-head &gt;&gt; text=PIX</arg>
<arg>visible</arg>
<arg>5</arg>
<tag>PageContent</tag>
<tag>Wait</tag>
<doc>Waits for the element found by ``selector`` to satisfy state option.</doc>
<msg timestamp="20220111 21:15:27.638" level="INFO">Waited for Element with selector css=.modal-card-head &gt;&gt; text=PIX at state visible</msg>
<status status="PASS" starttime="20220111 21:15:27.632" endtime="20220111 21:15:27.638"/>
</kw>
<status status="PASS" starttime="20220111 21:15:26.551" endtime="20220111 21:15:27.638"/>
</kw>
<kw name="Fill Form" library="actions">
<arg>${pix}</arg>
<kw name="Select Options By" library="Browser">
<arg>css=.field select</arg>
<arg>text</arg>
<arg>${pix}[banco]</arg>
<tag>PageContent</tag>
<tag>Setter</tag>
<doc>Selects options from select element found by ``selector``.</doc>
<status status="PASS" starttime="20220111 21:15:27.638" endtime="20220111 21:15:28.684"/>
</kw>
<kw name="Fill Text" library="Browser">
<arg>css=input[id="chave-pix"]</arg>
<arg>${pix}[chave-pix]</arg>
<tag>PageContent</tag>
<tag>Setter</tag>
<doc>Clears and fills the given ``txt`` into the text field found by ``selector``.</doc>
<msg timestamp="20220111 21:15:28.684" level="INFO">Fills the text '123456' in the given field.</msg>
<status status="PASS" starttime="20220111 21:15:28.684" endtime="20220111 21:15:29.727"/>
</kw>
<kw name="Fill Text" library="Browser">
<arg>css=input[id="valor"]</arg>
<arg>${pix}[valor]</arg>
<tag>PageContent</tag>
<tag>Setter</tag>
<doc>Clears and fills the given ``txt`` into the text field found by ``selector``.</doc>
<msg timestamp="20220111 21:15:29.727" level="INFO">Fills the text '100' in the given field.</msg>
<status status="PASS" starttime="20220111 21:15:29.727" endtime="20220111 21:15:30.757"/>
</kw>
<status status="PASS" starttime="20220111 21:15:27.638" endtime="20220111 21:15:30.757"/>
</kw>
<kw name="Submit Form" library="actions">
<kw name="Click" library="Browser">
<arg>css=button &gt;&gt; text=Enviar PIX</arg>
<tag>PageContent</tag>
<tag>Setter</tag>
<doc>Simulates mouse click on the element found by ``selector``.</doc>
<status status="PASS" starttime="20220111 21:15:30.757" endtime="20220111 21:15:31.812"/>
</kw>
<status status="PASS" starttime="20220111 21:15:30.757" endtime="20220111 21:15:31.813"/>
</kw>
<kw name="Go To Home Page" library="actions">
<kw name="Go To" library="Browser">
<arg>${BASE_URL}</arg>
<tag>BrowserControl</tag>
<tag>Setter</tag>
<doc>Navigates to the given ``url``.</doc>
<msg timestamp="20220111 21:15:33.178" level="INFO">Successfully opened URL https://nbank.vercel.app/</msg>
<status status="PASS" starttime="20220111 21:15:31.814" endtime="20220111 21:15:33.178"/>
</kw>
<kw name="Wait For Elements State" library="Browser">
<arg>css=.carousel</arg>
<arg>visible</arg>
<arg>5</arg>
<tag>PageContent</tag>
<tag>Wait</tag>
<doc>Waits for the element found by ``selector`` to satisfy state option.</doc>
<msg timestamp="20220111 21:15:33.202" level="INFO">Waited for Element with selector css=.carousel at state visible</msg>
<status status="PASS" starttime="20220111 21:15:33.178" endtime="20220111 21:15:33.202"/>
</kw>
<status status="PASS" starttime="20220111 21:15:31.813" endtime="20220111 21:15:33.202"/>
</kw>
<kw name="Value Should Be Visible" library="actions">
<msg timestamp="20220111 21:15:33.203" level="FAIL">Keyword 'actions.Value Should Be Visible' expected 1 argument, got 0.</msg>
<status status="FAIL" starttime="20220111 21:15:33.203" endtime="20220111 21:15:33.203"/>
</kw>
<kw name="End Session" library="base" type="TEARDOWN">
<kw name="Take Screenshot" library="Browser">
<tag>PageContent</tag>
<doc>Takes a screenshot of the current window or element and saves it to disk.</doc>
<msg timestamp="20220111 21:15:33.367" level="INFO" html="true">&lt;/td&gt;&lt;/tr&gt;&lt;tr&gt;&lt;td colspan="3"&gt;&lt;a href="browser/screenshot/robotframework-browser-screenshot-3.png"&gt;&lt;img src="browser/screenshot/robotframework-browser-screenshot-3.png" width="800px"&gt;&lt;/a&gt;</msg>
<status status="PASS" starttime="20220111 21:15:33.205" endtime="20220111 21:15:33.367"/>
</kw>
<status status="PASS" starttime="20220111 21:15:33.204" endtime="20220111 21:15:33.367"/>
</kw>
<status status="FAIL" starttime="20220111 21:15:23.994" endtime="20220111 21:15:33.367">Keyword 'actions.Value Should Be Visible' expected 1 argument, got 0.</status>
</test>
<status status="FAIL" starttime="20220111 21:15:18.618" endtime="20220111 21:15:33.474"/>
</suite>
<status status="FAIL" starttime="20220111 21:15:18.597" endtime="20220111 21:15:33.485"/>
</suite>
<statistics>
<total>
<stat pass="2" fail="1" skip="0">All Tests</stat>
</total>
<tag>
</tag>
<suite>
<stat pass="2" fail="1" skip="0" id="s1" name="Tests">Tests</stat>
<stat pass="2" fail="1" skip="0" id="s1-s1" name="Realizar Pix">Tests.Realizar Pix</stat>
</suite>
</statistics>
<errors>
</errors>
</robot>
