<?xml version="1.0" encoding="UTF-8"?>
<robot generator="Robot 4.1.3 (Python 3.10.1 on win32)" generated="20220110 13:30:21.263" rpa="false" schemaversion="2">
<suite id="s1" name="Tests" source="C:\Repositórios GIT\nBank-robotframework\nBank-robot\tests">
<suite id="s1-s1" name="Online" source="C:\Repositórios GIT\nBank-robotframework\nBank-robot\tests\online.robot">
<test id="s1-s1-t1" name="Nbank deve estar online">
<kw name="Start Session" library="base" type="SETUP">
<kw name="New Browser" library="Browser">
<arg>chromium</arg>
<arg>headless=False</arg>
<tag>BrowserControl</tag>
<tag>Setter</tag>
<doc>Create a new playwright Browser with specified options.</doc>
<msg timestamp="20220110 13:30:22.290" level="INFO">{"browser": "chromium", "headless": false, "handleSIGINT": true, "handleSIGTERM": true, "handleSIGHUP": true, "timeout": 30000.0, "devtools": false, "slowMo": 0.0, "tracesDir": "C:\\Reposit\u00f3rios GIT\\nBank-robotframework\\nBank-robot\\logs\\browser\\traces\\1f732faa-9892-42f9-aa90-d82a374f3305"}</msg>
<msg timestamp="20220110 13:30:22.920" level="INFO">Successfully created browser with options: {"browser":"chromium","headless":false,"handleSIGINT":true,"handleSIGTERM":true,"handleSIGHUP":true,"timeout":30000,"devtools":false,"slowMo":0,"tracesDir":"C:\\Repositórios GIT\\nBank-robotframework\\nBank-robot\\logs\\browser\\traces\\1f732faa-9892-42f9-aa90-d82a374f3305"}</msg>
<status status="PASS" starttime="20220110 13:30:22.290" endtime="20220110 13:30:22.920"/>
</kw>
<kw name="New Page" library="Browser">
<arg>${BASE_URL}</arg>
<tag>BrowserControl</tag>
<tag>Setter</tag>
<doc>Open a new Page.</doc>
<msg timestamp="20220110 13:30:25.077" level="INFO">Successfully initialized new page object and opened url: https://nbank.vercel.app/</msg>
<msg timestamp="20220110 13:30:25.077" level="INFO">No context was open. New context was automatically opened when this page is created.</msg>
<status status="PASS" starttime="20220110 13:30:22.920" endtime="20220110 13:30:25.077"/>
</kw>
<status status="PASS" starttime="20220110 13:30:22.290" endtime="20220110 13:30:25.077"/>
</kw>
<kw name="Get Title" library="Browser">
<arg>equal</arg>
<arg>nBank by QAninja</arg>
<tag>Assertion</tag>
<tag>Getter</tag>
<tag>PageContent</tag>
<doc>Returns the title of the current page.</doc>
<status status="PASS" starttime="20220110 13:30:25.077" endtime="20220110 13:30:25.085"/>
</kw>
<kw name="End Session" library="base" type="TEARDOWN">
<kw name="Take Screenshot" library="Browser">
<tag>PageContent</tag>
<doc>Takes a screenshot of the current window or element and saves it to disk.</doc>
<msg timestamp="20220110 13:30:25.376" level="INFO" html="true">&lt;/td&gt;&lt;/tr&gt;&lt;tr&gt;&lt;td colspan="3"&gt;&lt;a href="browser/screenshot/robotframework-browser-screenshot-1.png"&gt;&lt;img src="browser/screenshot/robotframework-browser-screenshot-1.png" width="800px"&gt;&lt;/a&gt;</msg>
<status status="PASS" starttime="20220110 13:30:25.085" endtime="20220110 13:30:25.376"/>
</kw>
<status status="PASS" starttime="20220110 13:30:25.085" endtime="20220110 13:30:25.376"/>
</kw>
<status status="PASS" starttime="20220110 13:30:22.275" endtime="20220110 13:30:25.376"/>
</test>
<test id="s1-s1-t2" name="Deve verificar saldo">
<kw name="Start Session" library="base" type="SETUP">
<kw name="New Browser" library="Browser">
<arg>chromium</arg>
<arg>headless=False</arg>
<tag>BrowserControl</tag>
<tag>Setter</tag>
<doc>Create a new playwright Browser with specified options.</doc>
<msg timestamp="20220110 13:30:25.456" level="INFO">{"browser": "chromium", "headless": false, "handleSIGINT": true, "handleSIGTERM": true, "handleSIGHUP": true, "timeout": 30000.0, "devtools": false, "slowMo": 0.0, "tracesDir": "C:\\Reposit\u00f3rios GIT\\nBank-robotframework\\nBank-robot\\logs\\browser\\traces\\e7fdfb1f-f4ca-4036-ab1d-2568fd4cb44f"}</msg>
<msg timestamp="20220110 13:30:26.247" level="INFO">Successfully created browser with options: {"browser":"chromium","headless":false,"handleSIGINT":true,"handleSIGTERM":true,"handleSIGHUP":true,"timeout":30000,"devtools":false,"slowMo":0,"tracesDir":"C:\\Repositórios GIT\\nBank-robotframework\\nBank-robot\\logs\\browser\\traces\\e7fdfb1f-f4ca-4036-ab1d-2568fd4cb44f"}</msg>
<status status="PASS" starttime="20220110 13:30:25.456" endtime="20220110 13:30:26.247"/>
</kw>
<kw name="New Page" library="Browser">
<arg>${BASE_URL}</arg>
<tag>BrowserControl</tag>
<tag>Setter</tag>
<doc>Open a new Page.</doc>
<msg timestamp="20220110 13:30:27.626" level="INFO">Successfully initialized new page object and opened url: https://nbank.vercel.app/</msg>
<msg timestamp="20220110 13:30:27.626" level="INFO">No context was open. New context was automatically opened when this page is created.</msg>
<status status="PASS" starttime="20220110 13:30:26.247" endtime="20220110 13:30:27.626"/>
</kw>
<status status="PASS" starttime="20220110 13:30:25.448" endtime="20220110 13:30:27.634"/>
</kw>
<kw name="Wait For Elements State" library="Browser">
<arg>css=.navbar-item &gt;&gt; text=Olá Papito, seu saldo é R$ 1000</arg>
<arg>visible</arg>
<arg>5</arg>
<tag>PageContent</tag>
<tag>Wait</tag>
<doc>Waits for the element found by ``selector`` to satisfy state option.</doc>
<msg timestamp="20220110 13:30:27.682" level="INFO">Waited for Element with selector css=.navbar-item &gt;&gt; text=Olá Papito, seu saldo é R$ 1000 at state visible</msg>
<status status="PASS" starttime="20220110 13:30:27.634" endtime="20220110 13:30:27.682"/>
</kw>
<kw name="End Session" library="base" type="TEARDOWN">
<kw name="Take Screenshot" library="Browser">
<tag>PageContent</tag>
<doc>Takes a screenshot of the current window or element and saves it to disk.</doc>
<msg timestamp="20220110 13:30:27.977" level="INFO" html="true">&lt;/td&gt;&lt;/tr&gt;&lt;tr&gt;&lt;td colspan="3"&gt;&lt;a href="browser/screenshot/robotframework-browser-screenshot-2.png"&gt;&lt;img src="browser/screenshot/robotframework-browser-screenshot-2.png" width="800px"&gt;&lt;/a&gt;</msg>
<status status="PASS" starttime="20220110 13:30:27.682" endtime="20220110 13:30:27.977"/>
</kw>
<status status="PASS" starttime="20220110 13:30:27.682" endtime="20220110 13:30:27.977"/>
</kw>
<status status="PASS" starttime="20220110 13:30:25.448" endtime="20220110 13:30:27.977"/>
</test>
<doc>Verifica se o app está online</doc>
<status status="PASS" starttime="20220110 13:30:21.295" endtime="20220110 13:30:28.095"/>
</suite>
<status status="PASS" starttime="20220110 13:30:21.263" endtime="20220110 13:30:28.103"/>
</suite>
<statistics>
<total>
<stat pass="2" fail="0" skip="0">All Tests</stat>
</total>
<tag>
</tag>
<suite>
<stat pass="2" fail="0" skip="0" id="s1" name="Tests">Tests</stat>
<stat pass="2" fail="0" skip="0" id="s1-s1" name="Online">Tests.Online</stat>
</suite>
</statistics>
<errors>
</errors>
</robot>
